-69
-29
-42
61
69
70
-33
58
-62
-4
63
-52
-70
-47
69
-60
23
22
-33
-23
-57
32
-69
48
-36
-35
67
64
57
90
-46
-23
4
18
38
-24
-26
42
-4
62
-63
61
-42
-19
-55
45
-18
62
0
62
43
-32
4
43
-69
22
37
8
45
62
-63
50
-26
-67
51
61
-6
63
-65
-62
11
62
51
-22
59
59
-24
-66
20
-18
51
-63
84
-6
54
59
-23
15
-13
51
-50
66
38
-65
46
-67
52
26
45
-68
48
-66
50
-4
-61
60
0
-46
90
-14
59
-60
53
27
11
-68
58
69
54
-66
-58
-55
69
-70
38
-27
2
31
20
-12
67
-9
32
-7
-19
-59
-2
3
-90
-58
-63
56
43
-32
-28
-50
-56
45
-47
64
19
20
65
-57
-46
-55
54
21
64
27
90
